<?xml version="1.0" encoding="UTF-8"?>
<!-- Generated by org.testng.reporters.JUnitXMLReporter -->
<testsuite ignored="1" hostname="DESKTOP-P88JVBR" failures="0" tests="2" name="Default test" time="5.437" errors="0" timestamp="2024-12-29T23:03:29 EET">
  <testcase classname="Standard_User.MainTestCases" name="Login" time="0.781"/>
  <testcase classname="Standard_User.MainTestCases" name="AddToCartItem" time="2.763"/>
  <testcase classname="Standard_User.MainTestCases" name="RemoveItemFromThecart" time="0.0">
    <ignored/>
  </testcase> <!-- RemoveItemFromThecart -->
</testsuite> <!-- Default test -->
