<?xml version="1.0" encoding="UTF-8"?>
<testng-results ignored="1" total="3" passed="2" failed="0" skipped="0">
  <reporter-output>
  </reporter-output>
  <suite started-at="2024-12-29T23:03:24 EET" name="Default suite" finished-at="2024-12-29T23:03:29 EET" duration-ms="5437">
    <groups>
    </groups>
    <test started-at="2024-12-29T23:03:24 EET" name="Default test" finished-at="2024-12-29T23:03:29 EET" duration-ms="5437">
      <class name="Standard_User.MainTestCases">
        <test-method is-config="true" signature="MySetup()[pri:0, instance:Standard_User.MainTestCases@456bcb74]" started-at="2024-12-29T23:03:24 EET" name="MySetup" finished-at="2024-12-29T23:03:25 EET" duration-ms="1764" status="PASS">
          <reporter-output>
          </reporter-output>
        </test-method> <!-- MySetup -->
        <test-method signature="Login()[pri:1, instance:Standard_User.MainTestCases@456bcb74]" started-at="2024-12-29T23:03:26 EET" name="Login" finished-at="2024-12-29T23:03:26 EET" duration-ms="781" status="PASS">
          <reporter-output>
          </reporter-output>
        </test-method> <!-- Login -->
        <test-method signature="AddToCartItem()[pri:2, instance:Standard_User.MainTestCases@456bcb74]" started-at="2024-12-29T23:03:26 EET" name="AddToCartItem" finished-at="2024-12-29T23:03:29 EET" duration-ms="2763" status="PASS">
          <reporter-output>
          </reporter-output>
        </test-method> <!-- AddToCartItem -->
        <test-method is-config="true" signature="PostTesting()[pri:0, instance:Standard_User.MainTestCases@456bcb74]" started-at="2024-12-29T23:03:29 EET" name="PostTesting" finished-at="2024-12-29T23:03:29 EET" duration-ms="0" status="PASS">
          <reporter-output>
          </reporter-output>
        </test-method> <!-- PostTesting -->
      </class> <!-- Standard_User.MainTestCases -->
    </test> <!-- Default test -->
  </suite> <!-- Default suite -->
</testng-results>
